#
# A fatal error has been detected by the Java Runtime Environment:
#
#  SIGSEGV (0xb) at pc=0xb6e3a2db, pid=11368, tid=3064793920
#
# JRE version: 6.0_24-b24
# Java VM: OpenJDK Client VM (20.0-b12 mixed mode, sharing linux-x86 )
# Derivative: IcedTea6 1.11.5
# Distribution: Ubuntu 12.10, package 6b24-1.11.5-0ubuntu1~12.10.1
# Problematic frame:
# V  [libjvm.so+0x2362db]  Fingerprinter::Fingerprinter(Thread*, methodHandle)+0x1b
#
# If you would like to submit a bug report, please include
# instructions how to reproduce the bug and visit:
#   https://bugs.launchpad.net/ubuntu/+source/openjdk-6/
#

---------------  T H R E A D  ---------------

Current thread (0xb6906000):  JavaThread "main" [_thread_in_vm, id=11373, stack(0xb6a80000,0xb6ad1000)]

siginfo:si_signo=SIGSEGV: si_errno=0, si_code=1 (SEGV_MAPERR), si_addr=0x003e0009

Registers:
EAX=0x003e0001, EBX=0xb712c000, ECX=0xb6e39d20, EDX=0xb6acf4d0
ESP=0xb6acf430, EBP=0xb69067ac, ESI=0xb6acf4a8, EDI=0xb69067ac
EIP=0xb6e3a2db, EFLAGS=0x00210286, CR2=0x003e0009

Top of Stack: (sp=0xb6acf430)
0xb6acf430:   b6906000 b6906000 92b4eec8 b6e3a2c8
0xb6acf440:   b712c000 b6906000 b6acf4cc b6e312cb
0xb6acf450:   b6acf4a8 b6906000 b69067ac b6906000
0xb6acf460:   00000055 a7a10616 00000026 00010055
0xb6acf470:   00000007 b6acf64c b6e39d20 b6acf4a8
0xb6acf480:   b6acf558 b69067a8 00000004 b6906120
0xb6acf490:   a7a10612 00000055 b6904518 b6906390
0xb6acf4a0:   b6906398 b6906784 b7120b88 b69067ac 

Instructions: (pc=0xb6e3a2db)
0xb6e3a2bb:   90 66 90 66 90 57 56 53 e8 a3 6a e1 ff 81 c3 38
0xb6e3a2cb:   1d 2f 00 83 ec 10 8b 7c 24 28 8b 74 24 20 8b 07
0xb6e3a2db:   8b 50 08 8b 40 0c 66 8b 52 2a 81 e2 ff ff 00 00
0xb6e3a2eb:   8b 44 90 28 89 34 24 89 44 24 08 8b 44 24 24 89 

Register to memory mapping:

EAX=0x003e0001 is an unknown value
EBX=0xb712c000: <offset 0x528000> in /usr/lib/jvm/java-6-openjdk-i386/jre/lib/i386/client/libjvm.so at 0xb6c04000
ECX=0xb6e39d20: <offset 0x235d20> in /usr/lib/jvm/java-6-openjdk-i386/jre/lib/i386/client/libjvm.so at 0xb6c04000
EDX=0xb6acf4d0 is pointing into the stack for thread: 0xb6906000
ESP=0xb6acf430 is pointing into the stack for thread: 0xb6906000
EBP=0xb69067ac is an unknown value
ESI=0xb6acf4a8 is pointing into the stack for thread: 0xb6906000
EDI=0xb69067ac is an unknown value


Stack: [0xb6a80000,0xb6ad1000],  sp=0xb6acf430,  free space=317k
Native frames: (J=compiled Java code, j=interpreted, Vv=VM code, C=native code)
V  [libjvm.so+0x2362db]  Fingerprinter::Fingerprinter(Thread*, methodHandle)+0x1b

Java frames: (J=compiled Java code, j=interpreted, Vv=VM code)
J  sun.font.FreetypeFontScaler.getGlyphOutlineNative(Lsun/font/Font2D;JJIFF)Ljava/awt/geom/GeneralPath;
J  sun.font.FreetypeFontScaler.getGlyphOutline(JIFF)Ljava/awt/geom/GeneralPath;
J  sun.font.FileFontStrike.getGlyphOutline(IFF)Ljava/awt/geom/GeneralPath;
J  sun.font.StandardGlyphVector$GlyphStrike.appendGlyphOutline(ILjava/awt/geom/GeneralPath;FF)V
J  sun.font.StandardGlyphVector.getGlyphsOutline(IIFF)Ljava/awt/Shape;
J  sun.font.StandardGlyphVector.getGlyphOutline(IFF)Ljava/awt/Shape;
J  org.newdawn.slick.font.Glyph.<init>(ILjava/awt/Rectangle;Ljava/awt/font/GlyphVector;ILorg/newdawn/slick/UnicodeFont;)V
J  org.newdawn.slick.UnicodeFont.getGlyph(IILjava/awt/Rectangle;Ljava/awt/font/GlyphVector;I)Lorg/newdawn/slick/font/Glyph;
J  org.newdawn.slick.UnicodeFont.drawDisplayList(FFLjava/lang/String;Lorg/newdawn/slick/Color;II)Lorg/newdawn/slick/UnicodeFont$DisplayList;
J  main.TitleMenuBase.render()V
j  main.TitleLevel.render()V+225
j  main.IGM2E.render()V+15
j  main.IGM2E.renderInit()V+13
j  main.IGM2E.loop()V+231
j  main.IGM2E.<init>()V+399
j  main.IGM2E.main([Ljava/lang/String;)V+3
v  ~StubRoutines::call_stub

---------------  P R O C E S S  ---------------

Java Threads: ( => current thread )
  0xa67e5800 JavaThread "process reaper" daemon [_thread_in_native, id=11403, stack(0xa7db9000,0xa7e0a000)]
  0xb4316c00 JavaThread "Thread-1" [_thread_in_native, id=11402, stack(0xa7d17000,0xa7d68000)]
  0xa67e1c00 JavaThread "SIGTERM handler" daemon [_thread_blocked, id=11398, stack(0xb0baf000,0xb0c00000)]
  0xa8061c00 JavaThread "Thread-4" daemon [_thread_blocked, id=11397, stack(0xa816a000,0xa81bb000)]
  0xb69e0000 JavaThread "AWT-XAWT" daemon [_thread_in_native, id=11383, stack(0xb36dd000,0xb372e000)]
  0xb69a7000 JavaThread "Java2D Disposer" daemon [_thread_blocked, id=11382, stack(0xb3953000,0xb39a4000)]
  0xb693d000 JavaThread "Low Memory Detector" daemon [_thread_blocked, id=11380, stack(0xb3dc9000,0xb3e1a000)]
  0xb693b000 JavaThread "C1 CompilerThread0" daemon [_thread_blocked, id=11379, stack(0xb3e1a000,0xb3e9b000)]
  0xb6939800 JavaThread "Signal Dispatcher" daemon [_thread_blocked, id=11378, stack(0xb3e9b000,0xb3eec000)]
  0xb6935400 JavaThread "Finalizer" daemon [_thread_blocked, id=11377, stack(0xb425e000,0xb42af000)]
  0xb6933c00 JavaThread "Reference Handler" daemon [_thread_blocked, id=11376, stack(0xb42af000,0xb4300000)]
=>0xb6906000 JavaThread "main" [_thread_in_vm, id=11373, stack(0xb6a80000,0xb6ad1000)]

Other Threads:
  0xb6932000 VMThread [stack: 0xb4435000,0xb44b6000] [id=11375]
  0xb693f400 WatcherThread [stack: 0xb3d48000,0xb3dc9000] [id=11381]

VM state:not at safepoint (normal execution)

VM Mutex/Monitor currently owned by a thread: None

Heap
 def new generation   total 4928K, used 3436K [0x6ea30000, 0x6ef80000, 0x794d0000)
  eden space 4416K,  76% used [0x6ea30000, 0x6ed77288, 0x6ee80000)
  from space 512K,  15% used [0x6ef00000, 0x6ef13ee0, 0x6ef80000)
  to   space 512K,   0% used [0x6ee80000, 0x6ee80000, 0x6ef00000)
 tenured generation   total 10944K, used 7154K [0x794d0000, 0x79f80000, 0x8ea30000)
   the space 10944K,  65% used [0x794d0000, 0x79bcc8f0, 0x79bcca00, 0x79f80000)
 compacting perm gen  total 12288K, used 4041K [0x8ea30000, 0x8f630000, 0x92a30000)
   the space 12288K,  32% used [0x8ea30000, 0x8ee22650, 0x8ee22800, 0x8f630000)
    ro space 10240K,  73% used [0x92a30000, 0x931905b0, 0x93190600, 0x93430000)
    rw space 12288K,  60% used [0x93430000, 0x93b79038, 0x93b79200, 0x94030000)

Code Cache  [0xb48f3000, 0xb4aab000, 0xb68f3000)
 total_blobs=1076 nmethods=770 adapters=242 free_code_cache=31783360 largest_free_block=256

Dynamic libraries:
08048000-08051000 r-xp 00000000 07:00 267466     /usr/lib/jvm/java-6-openjdk-i386/jre/bin/java
08051000-08052000 r--p 00008000 07:00 267466     /usr/lib/jvm/java-6-openjdk-i386/jre/bin/java
08052000-08053000 rw-p 00009000 07:00 267466     /usr/lib/jvm/java-6-openjdk-i386/jre/bin/java
09785000-098f3000 rw-p 00000000 00:00 0          [heap]
6ea30000-6ef80000 rw-p 00000000 00:00 0 
6ef80000-794d0000 rw-p 00000000 00:00 0 
794d0000-79f80000 rw-p 00000000 00:00 0 
79f80000-8ea30000 rw-p 00000000 00:00 0 
8ea30000-8f630000 rw-p 00000000 00:00 0 
8f630000-92a30000 rw-p 00000000 00:00 0 
92a30000-93191000 r--s 00001000 07:00 262411     /usr/lib/jvm/java-6-openjdk-i386/jre/lib/i386/client/classes.jsa
93191000-93430000 rw-p 00000000 00:00 0 
93430000-93b7a000 rw-p 00762000 07:00 262411     /usr/lib/jvm/java-6-openjdk-i386/jre/lib/i386/client/classes.jsa
93b7a000-94030000 rw-p 00000000 00:00 0 
94030000-9412c000 rw-p 00eac000 07:00 262411     /usr/lib/jvm/java-6-openjdk-i386/jre/lib/i386/client/classes.jsa
9412c000-94430000 rw-p 00000000 00:00 0 
94430000-94438000 r-xs 00fa8000 07:00 262411     /usr/lib/jvm/java-6-openjdk-i386/jre/lib/i386/client/classes.jsa
94438000-94830000 rw-p 00000000 00:00 0 
a6700000-a67e8000 rw-p 00000000 00:00 0 
a67e8000-a6800000 ---p 00000000 00:00 0 
a6900000-a6b00000 rw-p 00000000 00:00 0 
a6b00000-a6d00000 rw-p 00000000 00:00 0 
a6d00000-a6f00000 rw-p 00000000 00:00 0 
a6f00000-a7100000 rw-p 00000000 00:00 0 
a7100000-a7300000 rw-p 00000000 00:00 0 
a7300000-a7500000 rw-p 00000000 00:00 0 
a7500000-a7700000 rw-p 00000000 00:00 0 
a7700000-a7900000 rw-p 00000000 00:00 0 
a7900000-a7a00000 rw-s 1742d000 00:05 9096       /dev/dri/card0
a7a00000-a7b00000 rw-p 00000000 00:00 0 
a7b03000-a7c03000 rw-s 1756f000 00:05 9096       /dev/dri/card0
a7c03000-a7d06000 rw-p 00000000 00:00 0 
a7d17000-a7d1a000 ---p 00000000 00:00 0 
a7d1a000-a7d68000 rw-p 00000000 00:00 0          [stack:11402]
a7d68000-a7d6b000 ---p 00000000 00:00 0 
a7d6b000-a7db9000 rw-p 00000000 00:00 0 
a7db9000-a7dbc000 ---p 00000000 00:00 0 
a7dbc000-a8000000 rw-p 00000000 00:00 0          [stack:11403]
a8000000-a80f8000 rw-p 00000000 00:00 0 
a80f8000-a8100000 ---p 00000000 00:00 0 
a8119000-a811c000 ---p 00000000 00:00 0 
a811c000-a816a000 rw-p 00000000 00:00 0 
a816a000-a816d000 ---p 00000000 00:00 0 
a816d000-a81bb000 rw-p 00000000 00:00 0          [stack:11397]
a81bb000-a81bc000 ---p 00000000 00:00 0 
a81bc000-a89bc000 rw-p 00000000 00:00 0          [stack:11396]
a89bc000-ac9bd000 rw-s 00000000 00:12 53196      /run/shm/pulse-shm-2684852713
ac9bd000-ac9be000 ---p 00000000 00:00 0 
ac9be000-ad1be000 rw-p 00000000 00:00 0          [stack:11395]
ad1be000-ad324000 r-xp 00000000 07:00 266474     /usr/lib/i386-linux-gnu/libvorbisenc.so.2.0.8
ad324000-ad335000 r--p 00165000 07:00 266474     /usr/lib/i386-linux-gnu/libvorbisenc.so.2.0.8
ad335000-ad336000 rw-p 00176000 07:00 266474     /usr/lib/i386-linux-gnu/libvorbisenc.so.2.0.8
ad336000-ad384000 r-xp 00000000 07:00 266300     /usr/lib/i386-linux-gnu/libFLAC.so.8.2.0
ad384000-ad385000 r--p 0004e000 07:00 266300     /usr/lib/i386-linux-gnu/libFLAC.so.8.2.0
ad385000-ad386000 rw-p 0004f000 07:00 266300     /usr/lib/i386-linux-gnu/libFLAC.so.8.2.0
ad386000-ad3f3000 r-xp 00000000 07:00 266526     /usr/lib/i386-linux-gnu/libsndfile.so.1.0.25
ad3f3000-ad3f5000 r--p 0006c000 07:00 266526     /usr/lib/i386-linux-gnu/libsndfile.so.1.0.25
ad3f5000-ad3f6000 rw-p 0006e000 07:00 266526     /usr/lib/i386-linux-gnu/libsndfile.so.1.0.25
ad3f6000-ad3fa000 rw-p 00000000 00:00 0 
ad3fa000-ad402000 r-xp 00000000 07:00 1570787    /lib/i386-linux-gnu/libwrap.so.0.7.6
ad402000-ad403000 r--p 00007000 07:00 1570787    /lib/i386-linux-gnu/libwrap.so.0.7.6
ad403000-ad404000 rw-p 00008000 07:00 1570787    /lib/i386-linux-gnu/libwrap.so.0.7.6
ad404000-ad44c000 r-xp 00000000 07:00 1570838    /lib/i386-linux-gnu/libdbus-1.so.3.7.2
ad44c000-ad44d000 r--p 00047000 07:00 1570838    /lib/i386-linux-gnu/libdbus-1.so.3.7.2
ad44d000-ad44e000 rw-p 00048000 07:00 1570838    /lib/i386-linux-gnu/libdbus-1.so.3.7.2
ad44e000-ad4b0000 r-xp 00000000 07:00 270049     /usr/lib/i386-linux-gnu/pulseaudio/libpulsecommon-2.1.so
ad4b0000-ad4b1000 r--p 00061000 07:00 270049     /usr/lib/i386-linux-gnu/pulseaudio/libpulsecommon-2.1.so
ad4b1000-ad4b2000 rw-p 00062000 07:00 270049     /usr/lib/i386-linux-gnu/pulseaudio/libpulsecommon-2.1.so
ad4b2000-ad4fe000 r-xp 00000000 07:00 266687     /usr/lib/i386-linux-gnu/libpulse.so.0.14.3
ad4fe000-ad4ff000 r--p 0004c000 07:00 266687     /usr/lib/i386-linux-gnu/libpulse.so.0.14.3
ad4ff000-ad500000 rw-p 0004d000 07:00 266687     /usr/lib/i386-linux-gnu/libpulse.so.0.14.3
ad500000-ad600000 rw-p 00000000 00:00 0 
ad60f000-ad610000 rw-s 2063b000 00:05 9096       /dev/dri/card0
ad610000-ad611000 rw-s 00000000 00:04 53156      /drm mm object (deleted)
ad611000-ad651000 rw-s 205fb000 00:05 9096       /dev/dri/card0
ad693000-ad69b000 rw-s 205f3000 00:05 9096       /dev/dri/card0
ad69b000-ad6a3000 rw-s 205eb000 00:05 9096       /dev/dri/card0
ad6a3000-ad6a5000 rw-s 205e9000 00:05 9096       /dev/dri/card0
ad6a5000-ad6a9000 rw-s 205e5000 00:05 9096       /dev/dri/card0
ad6a9000-ad6ad000 rw-s 205e1000 00:05 9096       /dev/dri/card0
ad6ad000-ad6b1000 rw-s 205dd000 00:05 9096       /dev/dri/card0
ad6b1000-ad6b5000 rw-s 205d9000 00:05 9096       /dev/dri/card0
ad6b5000-ad6b6000 rw-s 00000000 00:04 53147      /drm mm object (deleted)
ad6b6000-ad6ba000 rw-s 205d5000 00:05 9096       /dev/dri/card0
ad6ba000-ad6fa000 rw-s 20595000 00:05 9096       /dev/dri/card0
ad6fa000-adafa000 rw-s 20115000 00:05 9096       /dev/dri/card0
adafa000-adefc000 rw-p 00000000 00:00 0 
adefc000-ae2fc000 rw-s 1ea5b000 00:05 9096       /dev/dri/card0
ae2fc000-ae6fe000 rw-p 00000000 00:00 0 
ae6fe000-aeafe000 rw-s 1f5da000 00:05 9096       /dev/dri/card0
aeafe000-aef00000 rw-p 00000000 00:00 0 
aef00000-aefe4000 rw-p 00000000 00:00 0 
aefe4000-af000000 ---p 00000000 00:00 0 
af000000-af100000 rw-p 00000000 00:00 0 
af100000-af200000 rw-p 00000000 00:00 0 
af203000-af245000 rw-p 00000000 00:00 0 
af245000-af2c5000 rw-s 20515000 00:05 9096       /dev/dri/card0
af2c5000-af500000 rw-p 00000000 00:00 0 
af500000-af5ff000 rw-p 00000000 00:00 0 
af5ff000-af600000 ---p 00000000 00:00 0 
af600000-af6fe000 rw-p 00000000 00:00 0 
af6fe000-af700000 ---p 00000000 00:00 0 
af700000-af7fc000 rw-p 00000000 00:00 0 
af7fc000-af800000 ---p 00000000 00:00 0 
af807000-b058e000 rw-p 00000000 00:00 0 
b058e000-b05e5000 rw-p 00000000 00:00 0 
b05ed000-b05f5000 r-xp 00000000 07:00 266239     /usr/lib/i386-linux-gnu/libjson.so.0.1.0
b05f5000-b05f6000 r--p 00007000 07:00 266239     /usr/lib/i386-linux-gnu/libjson.so.0.1.0
b05f6000-b05f7000 rw-p 00008000 07:00 266239     /usr/lib/i386-linux-gnu/libjson.so.0.1.0
b05f7000-b063c000 r-xp 00000000 07:00 1721125    /home/maik/IGM2E/share/bin/natives/libopenal.so
b063c000-b063d000 r--p 00045000 07:00 1721125    /home/maik/IGM2E/share/bin/natives/libopenal.so
b063d000-b063e000 rw-p 00046000 07:00 1721125    /home/maik/IGM2E/share/bin/natives/libopenal.so
b063e000-b0672000 r-xp 00000000 07:00 267658     /usr/lib/jvm/java-6-openjdk-i386/jre/lib/i386/liblcms.so
b0672000-b0673000 ---p 00034000 07:00 267658     /usr/lib/jvm/java-6-openjdk-i386/jre/lib/i386/liblcms.so
b0673000-b0674000 r--p 00034000 07:00 267658     /usr/lib/jvm/java-6-openjdk-i386/jre/lib/i386/liblcms.so
b0674000-b0675000 rw-p 00035000 07:00 267658     /usr/lib/jvm/java-6-openjdk-i386/jre/lib/i386/liblcms.so
b0675000-b0677000 rw-p 00000000 00:00 0 
b0677000-b06a7000 r-xp 00000000 07:00 262202     /usr/lib/i386-linux-gnu/libtxc_dxtn_s2tc.so.0.0.0
b06a7000-b06a8000 r--p 0002f000 07:00 262202     /usr/lib/i386-linux-gnu/libtxc_dxtn_s2tc.so.0.0.0
b06a8000-b06a9000 rw-p 00030000 07:00 262202     /usr/lib/i386-linux-gnu/libtxc_dxtn_s2tc.so.0.0.0
b06a9000-b06b2000 r-xp 00000000 07:00 264471     /usr/lib/i386-linux-gnu/libpciaccess.so.0.11.1
b06b2000-b06b3000 r--p 00008000 07:00 264471     /usr/lib/i386-linux-gnu/libpciaccess.so.0.11.1
b06b3000-b06b4000 rw-p 00009000 07:00 264471     /usr/lib/i386-linux-gnu/libpciaccess.so.0.11.1
b06b4000-b06d4000 r-xp 00000000 07:00 266852     /usr/lib/i386-linux-gnu/libdrm_intel.so.1.0.0
b06d4000-b06d5000 r--p 0001f000 07:00 266852     /usr/lib/i386-linux-gnu/libdrm_intel.so.1.0.0
b06d5000-b06d6000 rw-p 00020000 07:00 266852     /usr/lib/i386-linux-gnu/libdrm_intel.so.1.0.0
b06d6000-b0a4b000 r-xp 00000000 07:00 261789     /usr/lib/i386-linux-gnu/libdricore9.1.0.so.1.0.0
b0a4b000-b0a54000 r--p 00374000 07:00 261789     /usr/lib/i386-linux-gnu/libdricore9.1.0.so.1.0.0
b0a54000-b0a5b000 rw-p 0037d000 07:00 261789     /usr/lib/i386-linux-gnu/libdricore9.1.0.so.1.0.0
b0a5b000-b0a70000 rw-p 00000000 00:00 0 
b0a71000-b0a79000 rw-s 1752d000 00:05 9096       /dev/dri/card0
b0a79000-b0a7c000 r-xp 00000000 07:00 1721121    /home/maik/IGM2E/share/bin/natives/libjinput-linux.so
b0a7c000-b0a7d000 r--p 00002000 07:00 1721121    /home/maik/IGM2E/share/bin/natives/libjinput-linux.so
b0a7d000-b0a7e000 rw-p 00003000 07:00 1721121    /home/maik/IGM2E/share/bin/natives/libjinput-linux.so
b0a7e000-b0a8c000 r--p 00000000 07:00 526233     /usr/share/locale-langpack/de/LC_MESSAGES/pulseaudio.mo
b0a8c000-b0b50000 r-xp 00000000 07:00 302022     /usr/lib/i386-linux-gnu/dri/i965_dri.so
b0b50000-b0b53000 r--p 000c3000 07:00 302022     /usr/lib/i386-linux-gnu/dri/i965_dri.so
b0b53000-b0b54000 rw-p 000c6000 07:00 302022     /usr/lib/i386-linux-gnu/dri/i965_dri.so
b0b54000-b0b55000 rw-p 00000000 00:00 0 
b0b55000-b0ba8000 r-xp 00000000 07:00 261861     /usr/lib/i386-linux-gnu/mesa/libGL.so.1.2.0
b0ba8000-b0baa000 r--p 00052000 07:00 261861     /usr/lib/i386-linux-gnu/mesa/libGL.so.1.2.0
b0baa000-b0bae000 rwxp 00054000 07:00 261861     /usr/lib/i386-linux-gnu/mesa/libGL.so.1.2.0
b0bae000-b0baf000 rwxp 00000000 00:00 0 
b0baf000-b0bb2000 ---p 00000000 00:00 0 
b0bb2000-b0c00000 rw-p 00000000 00:00 0          [stack:11398]
b0c00000-b0cff000 rw-p 00000000 00:00 0 
b0cff000-b0d00000 ---p 00000000 00:00 0 
b0d04000-b0d1a000 r-xp 00000000 07:00 264356     /usr/lib/i386-linux-gnu/libxcb-glx.so.0.0.0
b0d1a000-b0d1b000 r--p 00016000 07:00 264356     /usr/lib/i386-linux-gnu/libxcb-glx.so.0.0.0
b0d1b000-b0d1c000 rw-p 00017000 07:00 264356     /usr/lib/i386-linux-gnu/libxcb-glx.so.0.0.0
b0d1c000-b0d2b000 r-xp 00000000 07:00 262198     /usr/lib/i386-linux-gnu/libglapi.so.0.0.0
b0d2b000-b0d2c000 ---p 0000f000 07:00 262198     /usr/lib/i386-linux-gnu/libglapi.so.0.0.0
b0d2c000-b0d2e000 r--p 0000f000 07:00 262198     /usr/lib/i386-linux-gnu/libglapi.so.0.0.0
b0d2e000-b0d33000 rwxp 00011000 07:00 262198     /usr/lib/i386-linux-gnu/libglapi.so.0.0.0
b0d33000-b0d8d000 r-xp 00000000 07:00 1721123    /home/maik/IGM2E/share/bin/natives/liblwjgl.so
b0d8d000-b0d8e000 ---p 0005a000 07:00 1721123    /home/maik/IGM2E/share/bin/natives/liblwjgl.so
b0d8e000-b0d8f000 r--p 0005a000 07:00 1721123    /home/maik/IGM2E/share/bin/natives/liblwjgl.so
b0d8f000-b0d90000 rw-p 0005b000 07:00 1721123    /home/maik/IGM2E/share/bin/natives/liblwjgl.so
b0d90000-b0d91000 ---p 00000000 00:00 0 
b0d91000-b1591000 rw-p 00000000 00:00 0 
b1591000-b15ab000 r-xp 00000000 07:00 265675     /usr/lib/i386-linux-gnu/libdbusmenu-glib.so.4.0.12
b15ab000-b15ac000 r--p 00019000 07:00 265675     /usr/lib/i386-linux-gnu/libdbusmenu-glib.so.4.0.12
b15ac000-b15ad000 rw-p 0001a000 07:00 265675     /usr/lib/i386-linux-gnu/libdbusmenu-glib.so.4.0.12
b15ad000-b15ae000 rw-s 1756e000 00:05 9096       /dev/dri/card0
b15af000-b15b4000 r-xp 00000000 07:00 266237     /usr/lib/i386-linux-gnu/libasyncns.so.0.3.1
b15b4000-b15b5000 r--p 00004000 07:00 266237     /usr/lib/i386-linux-gnu/libasyncns.so.0.3.1
b15b5000-b15b6000 rw-p 00005000 07:00 266237     /usr/lib/i386-linux-gnu/libasyncns.so.0.3.1
b15b6000-b15b7000 rw-s 00000000 00:04 53143      /drm mm object (deleted)
b15b7000-b15b8000 rw-s 00000000 00:04 53142      /drm mm object (deleted)
b15b8000-b15b9000 rw-s 00000000 00:04 53130      /drm mm object (deleted)
b15b9000-b15ba000 rw-s 1986a000 00:05 9096       /dev/dri/card0
b15ba000-b15be000 r--s 0002a000 08:02 84935      /host/Users/Maik/Desktop/minecraft coder pack/eclipse/IGM2 ENGINE/lib/lib/kryonet-1.04-all.jar
b15be000-b15bf000 r--s 00008000 08:02 348722     /host/Users/Maik/Desktop/minecraft coder pack/eclipse/IGM2 ENGINE/lib/lib/lwjgl_util_applet.jar
b15bf000-b15c3000 r--s 00027000 08:02 348721     /host/Users/Maik/Desktop/minecraft coder pack/eclipse/IGM2 ENGINE/lib/lib/lwjgl_util.jar
b15c3000-b15c5000 r--s 00015000 08:02 348118     /host/Users/Maik/Desktop/minecraft coder pack/eclipse/IGM2 ENGINE/lib/lib/tinylinepp.jar
b15c5000-b15c7000 r--s 0000d000 08:02 348117     /host/Users/Maik/Desktop/minecraft coder pack/eclipse/IGM2 ENGINE/lib/lib/jorbis-0.0.15.jar
b15c7000-b15c8000 r--s 00001000 08:02 348116     /host/Users/Maik/Desktop/minecraft coder pack/eclipse/IGM2 ENGINE/lib/lib/jogg-0.0.7.jar
b15c8000-b15c9000 r--s 00001000 08:02 348115     /host/Users/Maik/Desktop/minecraft coder pack/eclipse/IGM2 ENGINE/lib/lib/jnlp.jar
b15c9000-b15d5000 r-xp 00000000 07:00 1586767    /lib/i386-linux-gnu/libudev.so.0.13.0
b15d5000-b15d6000 r--p 0000b000 07:00 1586767    /lib/i386-linux-gnu/libudev.so.0.13.0
b15d6000-b15d7000 rw-p 0000c000 07:00 1586767    /lib/i386-linux-gnu/libudev.so.0.13.0
b15d7000-b15d9000 r--s 00008000 08:02 348114     /host/Users/Maik/Desktop/minecraft coder pack/eclipse/IGM2 ENGINE/lib/lib/ibxm.jar
b15d9000-b15e4000 r-xp 00000000 07:00 265646     /usr/lib/i386-linux-gnu/libdrm.so.2.4.0
b15e4000-b15e5000 r--p 0000a000 07:00 265646     /usr/lib/i386-linux-gnu/libdrm.so.2.4.0
b15e5000-b15e6000 rw-p 0000b000 07:00 265646     /usr/lib/i386-linux-gnu/libdrm.so.2.4.0
b15e6000-b15ea000 r-xp 00000000 07:00 264798     /usr/lib/i386-linux-gnu/libXxf86vm.so.1.0.0
b15ea000-b15eb000 r--p 00003000 07:00 264798     /usr/lib/i386-linux-gnu/libXxf86vm.so.1.0.0
b15eb000-b15ec000 rw-p 00004000 07:00 264798     /usr/lib/i386-linux-gnu/libXxf86vm.so.1.0.0
b15ec000-b15f1000 r-xp 00000000 07:00 267267     /usr/lib/i386-linux-gnu/gtk-2.0/2.10.0/menuproxies/libappmenu.so
b15f1000-b15f2000 r--p 00004000 07:00 267267     /usr/lib/i386-linux-gnu/gtk-2.0/2.10.0/menuproxies/libappmenu.so
b15f2000-b15f3000 rw-p 00005000 07:00 267267     /usr/lib/i386-linux-gnu/gtk-2.0/2.10.0/menuproxies/libappmenu.so
b15f3000-b1625000 r-xp 00000000 07:00 267719     /usr/lib/i386-linux-gnu/gvfs/libgvfscommon.so
b1625000-b1626000 ---p 00032000 07:00 267719     /usr/lib/i386-linux-gnu/gvfs/libgvfscommon.so
b1626000-b1628000 r--p 00032000 07:00 267719     /usr/lib/i386-linux-gnu/gvfs/libgvfscommon.so
b1628000-b1629000 rw-p 00034000 07:00 267719     /usr/lib/i386-linux-gnu/gvfs/libgvfscommon.so
b1629000-b1658000 r-xp 00000000 07:00 262101     /usr/lib/i386-linux-gnu/gio/modules/libgvfsdbus.so
b1658000-b1659000 r--p 0002f000 07:00 262101     /usr/lib/i386-linux-gnu/gio/modules/libgvfsdbus.so
b1659000-b165a000 rw-p 00030000 07:00 262101     /usr/lib/i386-linux-gnu/gio/modules/libgvfsdbus.so
b165a000-b169d000 r-xp 00000000 07:00 266503     /usr/lib/i386-linux-gnu/libibus-1.0.so.0.401.0
b169d000-b169e000 r--p 00043000 07:00 266503     /usr/lib/i386-linux-gnu/libibus-1.0.so.0.401.0
b169e000-b169f000 rw-p 00044000 07:00 266503     /usr/lib/i386-linux-gnu/libibus-1.0.so.0.401.0
b169f000-b16a0000 rw-s 17535000 00:05 9096       /dev/dri/card0
b16a0000-b16a3000 r-xp 00000000 07:00 266178     /usr/lib/i386-linux-gnu/libxcb-dri2.so.0.0.0
b16a3000-b16a4000 r--p 00003000 07:00 266178     /usr/lib/i386-linux-gnu/libxcb-dri2.so.0.0.0
b16a4000-b16a5000 rw-p 00004000 07:00 266178     /usr/lib/i386-linux-gnu/libxcb-dri2.so.0.0.0
b16a5000-b16a6000 r-xp 00000000 07:00 266536     /usr/lib/i386-linux-gnu/libX11-xcb.so.1.0.0
b16a6000-b16a7000 r--p 00000000 07:00 266536     /usr/lib/i386-linux-gnu/libX11-xcb.so.1.0.0
b16a7000-b16a8000 rw-p 00001000 07:00 266536     /usr/lib/i386-linux-gnu/libX11-xcb.so.1.0.0
b16a8000-b16b9000 r-xp 00000000 07:00 265663     /usr/lib/i386-linux-gnu/libdbusmenu-gtk.so.4.0.12
b16b9000-b16ba000 r--p 00010000 07:00 265663     /usr/lib/i386-linux-gnu/libdbusmenu-gtk.so.4.0.12
b16ba000-b16bb000 rw-p 00011000 07:00 265663     /usr/lib/i386-linux-gnu/libdbusmenu-gtk.so.4.0.12
b16bb000-b16c1000 r-xp 00000000 07:00 262137     /usr/lib/i386-linux-gnu/gtk-2.0/2.10.0/immodules/im-ibus.so
b16c1000-b16c2000 r--p 00005000 07:00 262137     /usr/lib/i386-linux-gnu/gtk-2.0/2.10.0/immodules/im-ibus.so
b16c2000-b16c3000 rw-p 00006000 07:00 262137     /usr/lib/i386-linux-gnu/gtk-2.0/2.10.0/immodules/im-ibus.so
b16c3000-b1715000 r--p 00000000 07:00 916754     /usr/share/fonts/truetype/ttf-dejavu/DejaVuSansMono.ttf
b1715000-b176c000 r--p 00000000 07:00 922738     /usr/share/fonts/truetype/ubuntu-font-family/Ubuntu-R.ttf
b176c000-b176e000 r-xp 00000000 07:00 286953     /usr/lib/i386-linux-gnu/pango/1.6.0/modules/pango-basic-fc.so
b176e000-b176f000 r--p 00001000 07:00 286953     /usr/lib/i386-linux-gnu/pango/1.6.0/modules/pango-basic-fc.so
b176f000-b1770000 rw-p 00002000 07:00 286953     /usr/lib/i386-linux-gnu/pango/1.6.0/modules/pango-basic-fc.so
b1770000-b1771000 r--s 00000000 07:00 1444545    /var/cache/fontconfig/c05880de57d1f5e948fdfacc138775d9-le32d4.cache-3
b1771000-b1777000 r--s 00000000 07:00 1442231    /var/cache/fontconfig/945677eb7aeaf62f1d50efc3fb3ec7d8-le32d4.cache-3
b1777000-b1779000 r--s 00000000 07:00 1444452    /var/cache/fontconfig/99e8ed0e538f840c565b6ed5dad60d56-le32d4.cache-3
b1779000-b17f7000 r--s 00000000 07:00 1444408    /var/cache/fontconfig/f77165c3a5c0e6d840970e91000fef78-le32d4.cache-3
b17f7000-b17fd000 r--s 00000000 07:00 1444392    /var/cache/fontconfig/a6d8cf8e4ec09cdbc8633c31745a07dd-le32d4.cache-3
b17fd000-b1800000 r--s 00000000 07:00 1444390    /var/cache/fontconfig/2cd17615ca594fa2959ae173292e504c-le32d4.cache-3
b1800000-b1801000 r--s 00000000 07:00 1444274    /var/cache/fontconfig/e7071f4a29fa870f4323321c154eba04-le32d4.cache-3
b1801000-b1802000 r--s 00000000 07:00 1444273    /var/cache/fontconfig/0d8c3b2ac0904cb8a57a757ad11a4a08-le32d4.cache-3
b1802000-b1806000 r--s 00000000 07:00 1444241    /var/cache/fontconfig/a755afe4a08bf5b97852ceb7400b47bc-le32d4.cache-3
b1806000-b180d000 r--s 00000000 07:00 1444229    /var/cache/fontconfig/6d41288fd70b0be22e8c3a91e032eec0-le32d4.cache-3
b180d000-b1818000 r--s 00000000 07:00 1444226    /var/cache/fontconfig/04aabc0a78ac019cf9454389977116d2-le32d4.cache-3
b1818000-b1819000 r--s 00000000 07:00 1466016    /var/cache/fontconfig/1ac9eb803944fde146138c791f5cc56a-le32d4.cache-3
b1819000-b181c000 r--s 00000000 07:00 1443882    /var/cache/fontconfig/385c0604a188198f04d133e54aba7fe7-le32d4.cache-3
b181c000-b181d000 r--s 00000000 07:00 1466015    /var/cache/fontconfig/dc05db6664285cc2f12bf69c139ae4c3-le32d4.cache-3
b181d000-b181f000 r--s 00000000 07:00 1466014    /var/cache/fontconfig/767a8244fc0220cfb567a839d0392e0b-le32d4.cache-3
b181f000-b1820000 r--s 00000000 07:00 1451575    /var/cache/fontconfig/4794a0821666d79190d59a36cb4f44b5-le32d4.cache-3
b1820000-b1823000 r--s 00000000 07:00 1443365    /var/cache/fontconfig/8801497958630a81b71ace7c5f9b32a8-le32d4.cache-3
b1823000-b1846000 r--s 00000000 07:00 1443363    /var/cache/fontconfig/365b55f210c0a22e9a19e35191240f32-le32d4.cache-3
b1846000-b184a000 r--s 00000000 07:00 1443335    /var/cache/fontconfig/3047814df9a2f067bd2d96a2b9c36e5a-le32d4.cache-3
b184a000-b184b000 r--s 00000000 07:00 1443106    /var/cache/fontconfig/56cf4f4769d0f4abc89a4895d7bd3ae1-le32d4.cache-3
b184b000-b184c000 r--s 00000000 07:00 1443075    /var/cache/fontconfig/b9d506c9ac06c20b433354fa67a72993-le32d4.cache-3
b184c000-b1850000 r--s 00000000 07:00 1443074    /var/cache/fontconfig/b47c4e1ecd0709278f4910c18777a504-le32d4.cache-3
b1850000-b1856000 r--s 00000000 07:00 1442941    /var/cache/fontconfig/52f7bdb7ce746bfd7eaa1985bd9cfa93-le32d4.cache-3
b1856000-b1863000 r--s 00000000 07:00 1442863    /var/cache/fontconfig/d52a8644073d54c13679302ca1180695-le32d4.cache-3
b1863000-b1869000 r--s 00000000 07:00 1442889    /var/cache/fontconfig/3f7329c5293ffd510edef78f73874cfd-le32d4.cache-3
b1869000-b186a000 r--s 00000000 07:00 1466011    /var/cache/fontconfig/0c9eb80ebd1c36541ebe2852d3bb0c49-le32d4.cache-3
b186a000-b186b000 r--s 00000000 07:00 1456678    /var/cache/fontconfig/62f91419b9ebdb6975e7e41ab6412357-le32d4.cache-3
b186b000-b18f1000 rw-p 00000000 00:00 0 
b18f1000-b18f9000 r-xp 00000000 07:00 267619     /usr/lib/jvm/java-6-openjdk-i386/jre/lib/i386/libnio.so
b18f9000-b18fa000 r--p 00007000 07:00 267619     /usr/lib/jvm/java-6-openjdk-i386/jre/lib/i386/libnio.so
b18fa000-b18fb000 rw-p 00008000 07:00 267619     /usr/lib/jvm/java-6-openjdk-i386/jre/lib/i386/libnio.so
b18fb000-b1910000 r-xp 00000000 07:00 267706     /usr/lib/jvm/java-6-openjdk-i386/jre/lib/i386/libnet.so
b1910000-b1911000 r--p 00014000 07:00 267706     /usr/lib/jvm/java-6-openjdk-i386/jre/lib/i386/libnet.so
b1911000-b1912000 rw-p 00015000 07:00 267706     /usr/lib/jvm/java-6-openjdk-i386/jre/lib/i386/libnet.so
b1912000-b1913000 ---p 00000000 00:00 0 
b1913000-b2113000 rw-p 00000000 00:00 0          [stack:11385]
b2113000-b2114000 ---p 00000000 00:00 0 
b2114000-b2914000 rw-p 00000000 00:00 0          [stack:11384]
b2914000-b291f000 r--p 00000000 07:00 1478241    /home/maik/.config/dconf/user
b291f000-b2929000 r-xp 00000000 07:00 264514     /usr/lib/i386-linux-gnu/gio/modules/libdconfsettings.so
b2929000-b292a000 r--p 00009000 07:00 264514     /usr/lib/i386-linux-gnu/gio/modules/libdconfsettings.so
b292a000-b292b000 rw-p 0000a000 07:00 264514     /usr/lib/i386-linux-gnu/gio/modules/libdconfsettings.so
b292b000-b2971000 r--p 00000000 07:00 918910     /usr/share/glib-2.0/schemas/gschemas.compiled
b2971000-b2977000 r-xp 00000000 07:00 266289     /usr/lib/i386-linux-gnu/libogg.so.0.8.0
b2977000-b2978000 r--p 00005000 07:00 266289     /usr/lib/i386-linux-gnu/libogg.so.0.8.0
b2978000-b2979000 rw-p 00006000 07:00 266289     /usr/lib/i386-linux-gnu/libogg.so.0.8.0
b2979000-b29a2000 r-xp 00000000 07:00 266476     /usr/lib/i386-linux-gnu/libvorbis.so.0.4.5
b29a2000-b29a3000 ---p 00029000 07:00 266476     /usr/lib/i386-linux-gnu/libvorbis.so.0.4.5
b29a3000-b29a4000 r--p 00029000 07:00 266476     /usr/lib/i386-linux-gnu/libvorbis.so.0.4.5
b29a4000-b29a5000 rw-p 0002a000 07:00 266476     /usr/lib/i386-linux-gnu/libvorbis.so.0.4.5
b29a5000-b29ae000 r-xp 00000000 07:00 285957     /usr/lib/i386-linux-gnu/libltdl.so.7.3.0
b29ae000-b29af000 r--p 00008000 07:00 285957     /usr/lib/i386-linux-gnu/libltdl.so.7.3.0
b29af000-b29b0000 rw-p 00009000 07:00 285957     /usr/lib/i386-linux-gnu/libltdl.so.7.3.0
b29b0000-b29c1000 r-xp 00000000 07:00 266549     /usr/lib/i386-linux-gnu/libtdb.so.1.2.10
b29c1000-b29c2000 r--p 00010000 07:00 266549     /usr/lib/i386-linux-gnu/libtdb.so.1.2.10
b29c2000-b29c3000 rw-p 00011000 07:00 266549     /usr/lib/i386-linux-gnu/libtdb.so.1.2.10
b29c3000-b29cb000 r-xp 00000000 07:00 266472     /usr/lib/i386-linux-gnu/libvorbisfile.so.3.3.4
b29cb000-b29cc000 r--p 00007000 07:00 266472     /usr/lib/i386-linux-gnu/libvorbisfile.so.3.3.4
b29cc000-b29cd000 rw-p 00008000 07:00 266472     /usr/lib/i386-linux-gnu/libvorbisfile.so.3.3.4
b29cd000-b29dc000 r-xp 00000000 07:00 280028     /usr/lib/i386-linux-gnu/libcanberra.so.0.2.5
b29dc000-b29dd000 r--p 0000e000 07:00 280028     /usr/lib/i386-linux-gnu/libcanberra.so.0.2.5
b29dd000-b29de000 rw-p 0000f000 07:00 280028     /usr/lib/i386-linux-gnu/libcanberra.so.0.2.5
b29de000-b29e2000 r-xp 00000000 07:00 266285     /usr/lib/i386-linux-gnu/libcanberra-gtk.so.0.1.9
b29e2000-b29e3000 r--p 00003000 07:00 266285     /usr/lib/i386-linux-gnu/libcanberra-gtk.so.0.1.9
b29e3000-b29e4000 rw-p 00004000 07:00 266285     /usr/lib/i386-linux-gnu/libcanberra-gtk.so.0.1.9
b29e4000-b29e5000 r-xp 00000000 07:00 267628     /usr/lib/jvm/java-6-openjdk-i386/jre/lib/i386/libjawt.so
b29e5000-b29e6000 r--p 00000000 07:00 267628     /usr/lib/jvm/java-6-openjdk-i386/jre/lib/i386/libjawt.so
b29e6000-b29e7000 rw-p 00001000 07:00 267628     /usr/lib/jvm/java-6-openjdk-i386/jre/lib/i386/libjawt.so
b29e7000-b2a00000 r--p 00000000 07:00 533122     /usr/share/locale-langpack/de/LC_MESSAGES/glib20.mo
b2a00000-b2b00000 rw-p 00000000 00:00 0 
b2b00000-b2b01000 rwxp 00000000 00:00 0 
b2b01000-b2b02000 r--s 00023000 08:02 260962     /host/Users/Maik/Desktop/minecraft coder pack/eclipse/IGM2 ENGINE/lib/lib/SoundSystem.jar
b2b02000-b2b07000 r-xp 00000000 07:00 264779     /usr/lib/i386-linux-gnu/gtk-2.0/modules/libcanberra-gtk-module.so
b2b07000-b2b08000 r--p 00004000 07:00 264779     /usr/lib/i386-linux-gnu/gtk-2.0/modules/libcanberra-gtk-module.so
b2b08000-b2b09000 rw-p 00005000 07:00 264779     /usr/lib/i386-linux-gnu/gtk-2.0/modules/libcanberra-gtk-module.so
b2b09000-b2b12000 r-xp 00000000 07:00 265709     /usr/lib/i386-linux-gnu/gtk-2.0/2.10.0/engines/libpixmap.so
b2b12000-b2b13000 r--p 00008000 07:00 265709     /usr/lib/i386-linux-gnu/gtk-2.0/2.10.0/engines/libpixmap.so
b2b13000-b2b14000 rw-p 00009000 07:00 265709     /usr/lib/i386-linux-gnu/gtk-2.0/2.10.0/engines/libpixmap.so
b2b14000-b2b49000 r-xp 00000000 07:00 261900     /usr/lib/i386-linux-gnu/gtk-2.0/2.10.0/engines/libmurrine.so
b2b49000-b2b4a000 r--p 00034000 07:00 261900     /usr/lib/i386-linux-gnu/gtk-2.0/2.10.0/engines/libmurrine.so
b2b4a000-b2b4b000 rw-p 00035000 07:00 261900     /usr/lib/i386-linux-gnu/gtk-2.0/2.10.0/engines/libmurrine.so
b2b4b000-b2b5c000 r-xp 00000000 07:00 264702     /usr/lib/i386-linux-gnu/gtk-2.0/modules/liboverlay-scrollbar.so
b2b5c000-b2b5d000 r--p 00010000 07:00 264702     /usr/lib/i386-linux-gnu/gtk-2.0/modules/liboverlay-scrollbar.so
b2b5d000-b2b5e000 rw-p 00011000 07:00 264702     /usr/lib/i386-linux-gnu/gtk-2.0/modules/liboverlay-scrollbar.so
b2b5e000-b2b87000 r--p 00000000 07:00 536943     /usr/share/locale-langpack/de/LC_MESSAGES/gtk20-properties.mo
b2b87000-b2bac000 r--p 00000000 07:00 526248     /usr/share/locale-langpack/de/LC_MESSAGES/libc.mo
b2bac000-b2bea000 r-xp 00000000 07:00 1570742    /lib/i386-linux-gnu/libpcre.so.3.13.1
b2bea000-b2beb000 r--p 0003d000 07:00 1570742    /lib/i386-linux-gnu/libpcre.so.3.13.1
b2beb000-b2bec000 rw-p 0003e000 07:00 1570742    /lib/i386-linux-gnu/libpcre.so.3.13.1
b2bec000-b2bf1000 r-xp 00000000 07:00 261980     /usr/lib/i386-linux-gnu/libffi.so.6.0.0
b2bf1000-b2bf2000 r--p 00005000 07:00 261980     /usr/lib/i386-linux-gnu/libffi.so.6.0.0
b2bf2000-b2bf3000 rw-p 00006000 07:00 261980     /usr/lib/i386-linux-gnu/libffi.so.6.0.0
b2bf3000-b2c18000 r-xp 00000000 07:00 1570757    /lib/i386-linux-gnu/libexpat.so.1.6.0
b2c18000-b2c1a000 r--p 00025000 07:00 1570757    /lib/i386-linux-gnu/libexpat.so.1.6.0
b2c1a000-b2c1b000 rw-p 00027000 07:00 1570757    /lib/i386-linux-gnu/libexpat.so.1.6.0
b2c1b000-b2c2e000 r-xp 00000000 07:00 1588270    /lib/i386-linux-gnu/libresolv-2.15.so
b2c2e000-b2c2f000 r--p 00013000 07:00 1588270    /lib/i386-linux-gnu/libresolv-2.15.so
b2c2f000-b2c30000 rw-p 00014000 07:00 1588270    /lib/i386-linux-gnu/libresolv-2.15.so
b2c30000-b2c32000 rw-p 00000000 00:00 0 
b2c32000-b2c4f000 r-xp 00000000 07:00 1586759    /lib/i386-linux-gnu/libselinux.so.1
b2c4f000-b2c50000 r--p 0001c000 07:00 1586759    /lib/i386-linux-gnu/libselinux.so.1
b2c50000-b2c51000 rw-p 0001d000 07:00 1586759    /lib/i386-linux-gnu/libselinux.so.1
b2c51000-b2c59000 r-xp 00000000 07:00 262757     /usr/lib/i386-linux-gnu/libxcb-render.so.0.0.0
b2c59000-b2c5a000 r--p 00008000 07:00 262757     /usr/lib/i386-linux-gnu/libxcb-render.so.0.0.0
b2c5a000-b2c5b000 rw-p 00009000 07:00 262757     /usr/lib/i386-linux-gnu/libxcb-render.so.0.0.0
b2c5b000-b2c5d000 r-xp 00000000 07:00 267796     /usr/lib/i386-linux-gnu/libxcb-shm.so.0.0.0
b2c5d000-b2c5e000 r--p 00001000 07:00 267796     /usr/lib/i386-linux-gnu/libxcb-shm.so.0.0.0
b2c5e000-b2c5f000 rw-p 00002000 07:00 267796     /usr/lib/i386-linux-gnu/libxcb-shm.so.0.0.0
b2c5f000-b2c86000 r-xp 00000000 07:00 1570832    /lib/i386-linux-gnu/libpng12.so.0.49.0
b2c86000-b2c87000 r--p 00026000 07:00 1570832    /lib/i386-linux-gnu/libpng12.so.0.49.0
b2c87000-b2c88000 rw-p 00027000 07:00 1570832    /lib/i386-linux-gnu/libpng12.so.0.49.0
b2c88000-b2d1a000 r-xp 00000000 07:00 261897     /usr/lib/i386-linux-gnu/libpixman-1.so.0.26.0
b2d1a000-b2d1e000 r--p 00092000 07:00 261897     /usr/lib/i386-linux-gnu/libpixman-1.so.0.26.0
b2d1e000-b2d1f000 rw-p 00096000 07:00 261897     /usr/lib/i386-linux-gnu/libpixman-1.so.0.26.0
b2d1f000-b2d21000 r-xp 00000000 07:00 266189     /usr/lib/i386-linux-gnu/libXdamage.so.1.1.0
b2d21000-b2d22000 r--p 00001000 07:00 266189     /usr/lib/i386-linux-gnu/libXdamage.so.1.1.0
b2d22000-b2d23000 rw-p 00002000 07:00 266189     /usr/lib/i386-linux-gnu/libXdamage.so.1.1.0
b2d23000-b2d25000 r-xp 00000000 07:00 292050     /usr/lib/i386-linux-gnu/libXcomposite.so.1.0.0
b2d25000-b2d26000 r--p 00001000 07:00 292050     /usr/lib/i386-linux-gnu/libXcomposite.so.1.0.0
b2d26000-b2d27000 rw-p 00002000 07:00 292050     /usr/lib/i386-linux-gnu/libXcomposite.so.1.0.0
b2d27000-b2d30000 r-xp 00000000 07:00 266203     /usr/lib/i386-linux-gnu/libXrandr.so.2.2.0
b2d30000-b2d31000 r--p 00008000 07:00 266203     /usr/lib/i386-linux-gnu/libXrandr.so.2.2.0
b2d31000-b2d32000 rw-p 00009000 07:00 266203     /usr/lib/i386-linux-gnu/libXrandr.so.2.2.0
b2d32000-b2e2c000 r-xp 00000000 07:00 1579932    /lib/i386-linux-gnu/libglib-2.0.so.0.3400.1
b2e2c000-b2e2d000 r--p 000f9000 07:00 1579932    /lib/i386-linux-gnu/libglib-2.0.so.0.3400.1
b2e2d000-b2e2e000 rw-p 000fa000 07:00 1579932    /lib/i386-linux-gnu/libglib-2.0.so.0.3400.1
b2e2e000-b2e7c000 r-xp 00000000 07:00 262623     /usr/lib/i386-linux-gnu/libgobject-2.0.so.0.3400.1
b2e7c000-b2e7d000 r--p 0004d000 07:00 262623     /usr/lib/i386-linux-gnu/libgobject-2.0.so.0.3400.1
b2e7d000-b2e7e000 rw-p 0004e000 07:00 262623     /usr/lib/i386-linux-gnu/libgobject-2.0.so.0.3400.1
b2e7e000-b2eb4000 r-xp 00000000 07:00 262224     /usr/lib/i386-linux-gnu/libfontconfig.so.1.6.2
b2eb4000-b2eb5000 r--p 00036000 07:00 262224     /usr/lib/i386-linux-gnu/libfontconfig.so.1.6.2
b2eb5000-b2eb6000 rw-p 00037000 07:00 262224     /usr/lib/i386-linux-gnu/libfontconfig.so.1.6.2
b2eb6000-b2efd000 r-xp 00000000 07:00 265429     /usr/lib/i386-linux-gnu/libpango-1.0.so.0.3000.1
b2efd000-b2efe000 r--p 00047000 07:00 265429     /usr/lib/i386-linux-gnu/libpango-1.0.so.0.3000.1
b2efe000-b2eff000 rw-p 00048000 07:00 265429     /usr/lib/i386-linux-gnu/libpango-1.0.so.0.3000.1
b2eff000-b2f2c000 r-xp 00000000 07:00 265430     /usr/lib/i386-linux-gnu/libpangoft2-1.0.so.0.3000.1
b2f2c000-b2f2d000 r--p 0002c000 07:00 265430     /usr/lib/i386-linux-gnu/libpangoft2-1.0.so.0.3000.1
b2f2d000-b2f2e000 rw-p 0002d000 07:00 265430     /usr/lib/i386-linux-gnu/libpangoft2-1.0.so.0.3000.1
b2f2e000-b3089000 r-xp 00000000 07:00 262615     /usr/lib/i386-linux-gnu/libgio-2.0.so.0.3400.1
b3089000-b308b000 r--p 0015b000 07:00 262615     /usr/lib/i386-linux-gnu/libgio-2.0.so.0.3400.1
b308b000-b308c000 rw-p 0015d000 07:00 262615     /usr/lib/i386-linux-gnu/libgio-2.0.so.0.3400.1
b308c000-b308d000 rw-p 00000000 00:00 0 
b308d000-b3194000 r-xp 00000000 07:00 266215     /usr/lib/i386-linux-gnu/libcairo.so.2.11200.3
b3194000-b3196000 r--p 00106000 07:00 266215     /usr/lib/i386-linux-gnu/libcairo.so.2.11200.3
b3196000-b3197000 rw-p 00108000 07:00 266215     /usr/lib/i386-linux-gnu/libcairo.so.2.11200.3
b3197000-b3198000 rw-p 00000000 00:00 0 
b3198000-b31b6000 r-xp 00000000 07:00 266623     /usr/lib/i386-linux-gnu/libatk-1.0.so.0.20609.1
b31b6000-b31b8000 r--p 0001d000 07:00 266623     /usr/lib/i386-linux-gnu/libatk-1.0.so.0.20609.1
b31b8000-b31b9000 rw-p 0001f000 07:00 266623     /usr/lib/i386-linux-gnu/libatk-1.0.so.0.20609.1
b31b9000-b31c4000 r-xp 00000000 07:00 265431     /usr/lib/i386-linux-gnu/libpangocairo-1.0.so.0.3000.1
b31c4000-b31c5000 r--p 0000a000 07:00 265431     /usr/lib/i386-linux-gnu/libpangocairo-1.0.so.0.3000.1
b31c5000-b31c6000 rw-p 0000b000 07:00 265431     /usr/lib/i386-linux-gnu/libpangocairo-1.0.so.0.3000.1
b31c6000-b3271000 r-xp 00000000 07:00 296126     /usr/lib/i386-linux-gnu/libgdk-x11-2.0.so.0.2400.13
b3271000-b3273000 r--p 000ab000 07:00 296126     /usr/lib/i386-linux-gnu/libgdk-x11-2.0.so.0.2400.13
b3273000-b3274000 rw-p 000ad000 07:00 296126     /usr/lib/i386-linux-gnu/libgdk-x11-2.0.so.0.2400.13
b3274000-b36d5000 r-xp 00000000 07:00 296124     /usr/lib/i386-linux-gnu/libgtk-x11-2.0.so.0.2400.13
b36d5000-b36d9000 r--p 00460000 07:00 296124     /usr/lib/i386-linux-gnu/libgtk-x11-2.0.so.0.2400.13
b36d9000-b36db000 rw-p 00464000 07:00 296124     /usr/lib/i386-linux-gnu/libgtk-x11-2.0.so.0.2400.13
b36db000-b36dd000 rw-p 00000000 00:00 0 
b36dd000-b36e0000 ---p 00000000 00:00 0 
b36e0000-b372e000 rw-p 00000000 00:00 0          [stack:11383]
b372e000-b372f000 r--s 00000000 07:00 1444545    /var/cache/fontconfig/c05880de57d1f5e948fdfacc138775d9-le32d4.cache-3
b372f000-b3735000 r--s 00000000 07:00 1442231    /var/cache/fontconfig/945677eb7aeaf62f1d50efc3fb3ec7d8-le32d4.cache-3
b3735000-b3737000 r--s 00000000 07:00 1444452    /var/cache/fontconfig/99e8ed0e538f840c565b6ed5dad60d56-le32d4.cache-3
b3737000-b37b5000 r--s 00000000 07:00 1444408    /var/cache/fontconfig/f77165c3a5c0e6d840970e91000fef78-le32d4.cache-3
b37b5000-b37bb000 r--s 00000000 07:00 1444392    /var/cache/fontconfig/a6d8cf8e4ec09cdbc8633c31745a07dd-le32d4.cache-3
b37bb000-b37be000 r--s 00000000 07:00 1444390    /var/cache/fontconfig/2cd17615ca594fa2959ae173292e504c-le32d4.cache-3
b37be000-b37bf000 r--s 00000000 07:00 1444274    /var/cache/fontconfig/e7071f4a29fa870f4323321c154eba04-le32d4.cache-3
b37bf000-b37c0000 r--s 00000000 07:00 1444273    /var/cache/fontconfig/0d8c3b2ac0904cb8a57a757ad11a4a08-le32d4.cache-3
b37c0000-b37c4000 r--s 00000000 07:00 1444241    /var/cache/fontconfig/a755afe4a08bf5b97852ceb7400b47bc-le32d4.cache-3
b37c4000-b37cb000 r--s 00000000 07:00 1444229    /var/cache/fontconfig/6d41288fd70b0be22e8c3a91e032eec0-le32d4.cache-3
b37cb000-b37d6000 r--s 00000000 07:00 1444226    /var/cache/fontconfig/04aabc0a78ac019cf9454389977116d2-le32d4.cache-3
b37d6000-b37d7000 r--s 00000000 07:00 1466016    /var/cache/fontconfig/1ac9eb803944fde146138c791f5cc56a-le32d4.cache-3
b37d7000-b37da000 r--s 00000000 07:00 1443882    /var/cache/fontconfig/385c0604a188198f04d133e54aba7fe7-le32d4.cache-3
b37da000-b37fd000 r--s 00000000 07:00 1443363    /var/cache/fontconfig/365b55f210c0a22e9a19e35191240f32-le32d4.cache-3
b37fd000-b3801000 r--s 00000000 07:00 1443335    /var/cache/fontconfig/3047814df9a2f067bd2d96a2b9c36e5a-le32d4.cache-3
b3801000-b3802000 r--s 00000000 07:00 1444545    /var/cache/fontconfig/c05880de57d1f5e948fdfacc138775d9-le32d4.cache-3
b3802000-b3808000 r--s 00000000 07:00 1442231    /var/cache/fontconfig/945677eb7aeaf62f1d50efc3fb3ec7d8-le32d4.cache-3
b3808000-b380a000 r--s 00000000 07:00 1444452    /var/cache/fontconfig/99e8ed0e538f840c565b6ed5dad60d56-le32d4.cache-3
b380a000-b3888000 r--s 00000000 07:00 1444408    /var/cache/fontconfig/f77165c3a5c0e6d840970e91000fef78-le32d4.cache-3
b3888000-b388e000 r--s 00000000 07:00 1444392    /var/cache/fontconfig/a6d8cf8e4ec09cdbc8633c31745a07dd-le32d4.cache-3
b388e000-b3891000 r--s 00000000 07:00 1444390    /var/cache/fontconfig/2cd17615ca594fa2959ae173292e504c-le32d4.cache-3
b3891000-b3892000 r--s 00000000 07:00 1444274    /var/cache/fontconfig/e7071f4a29fa870f4323321c154eba04-le32d4.cache-3
b3892000-b3893000 r--s 00000000 07:00 1444273    /var/cache/fontconfig/0d8c3b2ac0904cb8a57a757ad11a4a08-le32d4.cache-3
b3893000-b3897000 r--s 00000000 07:00 1444241    /var/cache/fontconfig/a755afe4a08bf5b97852ceb7400b47bc-le32d4.cache-3
b3897000-b389e000 r--s 00000000 07:00 1444229    /var/cache/fontconfig/6d41288fd70b0be22e8c3a91e032eec0-le32d4.cache-3
b389e000-b38a9000 r--s 00000000 07:00 1444226    /var/cache/fontconfig/04aabc0a78ac019cf9454389977116d2-le32d4.cache-3
b38a9000-b38aa000 r--s 00000000 07:00 1466016    /var/cache/fontconfig/1ac9eb803944fde146138c791f5cc56a-le32d4.cache-3
b38aa000-b38ad000 r--s 00000000 07:00 1443882    /var/cache/fontconfig/385c0604a188198f04d133e54aba7fe7-le32d4.cache-3
b38ad000-b38ae000 r--s 00000000 07:00 1466015    /var/cache/fontconfig/dc05db6664285cc2f12bf69c139ae4c3-le32d4.cache-3
b38ae000-b38b0000 r--s 00000000 07:00 1466014    /var/cache/fontconfig/767a8244fc0220cfb567a839d0392e0b-le32d4.cache-3
b38b0000-b38b1000 r--s 00000000 07:00 1451575    /var/cache/fontconfig/4794a0821666d79190d59a36cb4f44b5-le32d4.cache-3
b38b1000-b38b4000 r--s 00000000 07:00 1443365    /var/cache/fontconfig/8801497958630a81b71ace7c5f9b32a8-le32d4.cache-3
b38b4000-b38d7000 r--s 00000000 07:00 1443363    /var/cache/fontconfig/365b55f210c0a22e9a19e35191240f32-le32d4.cache-3
b38d7000-b38da000 r-xp 00000000 07:00 262622     /usr/lib/i386-linux-gnu/libgmodule-2.0.so.0.3400.1
b38da000-b38db000 r--p 00002000 07:00 262622     /usr/lib/i386-linux-gnu/libgmodule-2.0.so.0.3400.1
b38db000-b38dc000 rw-p 00003000 07:00 262622     /usr/lib/i386-linux-gnu/libgmodule-2.0.so.0.3400.1
b38dc000-b38de000 r-xp 00000000 07:00 266201     /usr/lib/i386-linux-gnu/libXinerama.so.1.0.0
b38de000-b38df000 r--p 00001000 07:00 266201     /usr/lib/i386-linux-gnu/libXinerama.so.1.0.0
b38df000-b38e0000 rw-p 00002000 07:00 266201     /usr/lib/i386-linux-gnu/libXinerama.so.1.0.0
b38e0000-b3900000 r-xp 00000000 07:00 264695     /usr/lib/i386-linux-gnu/libgdk_pixbuf-2.0.so.0.2600.4
b3900000-b3901000 r--p 0001f000 07:00 264695     /usr/lib/i386-linux-gnu/libgdk_pixbuf-2.0.so.0.2600.4
b3901000-b3902000 rw-p 00020000 07:00 264695     /usr/lib/i386-linux-gnu/libgdk_pixbuf-2.0.so.0.2600.4
b3902000-b3907000 r-xp 00000000 07:00 266187     /usr/lib/i386-linux-gnu/libXfixes.so.3.1.0
b3907000-b3908000 r--p 00004000 07:00 266187     /usr/lib/i386-linux-gnu/libXfixes.so.3.1.0
b3908000-b3909000 rw-p 00005000 07:00 266187     /usr/lib/i386-linux-gnu/libXfixes.so.3.1.0
b3909000-b3912000 r-xp 00000000 07:00 266197     /usr/lib/i386-linux-gnu/libXcursor.so.1.0.2
b3912000-b3913000 r--p 00008000 07:00 266197     /usr/lib/i386-linux-gnu/libXcursor.so.1.0.2
b3913000-b3914000 rw-p 00009000 07:00 266197     /usr/lib/i386-linux-gnu/libXcursor.so.1.0.2
b3914000-b3916000 r--s 00000000 07:00 1444174    /var/cache/fontconfig/e13b20fdb08344e0e664864cc2ede53d-le32d4.cache-3
b3916000-b3919000 r--s 00000000 07:00 1466010    /var/cache/fontconfig/7ef2298fde41cc6eeb7af42e48b7d293-le32d4.cache-3
b3919000-b391a000 r--s 00000000 07:00 1464841    /home/maik/.fontconfig/578171f5f238b8a7bb858af08da2de57-le32d4.cache-3
b391a000-b3921000 r--s 00000000 07:00 291771     /usr/lib/i386-linux-gnu/gconv/gconv-modules.cache
b3921000-b3930000 r--p 00000000 07:00 536946     /usr/share/locale-langpack/de/LC_MESSAGES/gtk20.mo
b3930000-b3937000 r--s 000fb000 07:00 266811     /usr/lib/jvm/java-6-openjdk-common/jre/lib/resources.jar
b3937000-b3938000 r--s 00000000 07:00 1466015    /var/cache/fontconfig/dc05db6664285cc2f12bf69c139ae4c3-le32d4.cache-3
b3938000-b393a000 r--s 00000000 07:00 1466014    /var/cache/fontconfig/767a8244fc0220cfb567a839d0392e0b-le32d4.cache-3
b393a000-b393b000 r--s 00000000 07:00 1443106    /var/cache/fontconfig/56cf4f4769d0f4abc89a4895d7bd3ae1-le32d4.cache-3
b393b000-b393c000 r--s 00000000 07:00 1443075    /var/cache/fontconfig/b9d506c9ac06c20b433354fa67a72993-le32d4.cache-3
b393c000-b3940000 r--s 00000000 07:00 1443074    /var/cache/fontconfig/b47c4e1ecd0709278f4910c18777a504-le32d4.cache-3
b3940000-b3946000 r--s 00000000 07:00 1442941    /var/cache/fontconfig/52f7bdb7ce746bfd7eaa1985bd9cfa93-le32d4.cache-3
b3946000-b3953000 r--s 00000000 07:00 1442863    /var/cache/fontconfig/d52a8644073d54c13679302ca1180695-le32d4.cache-3
b3953000-b3956000 ---p 00000000 00:00 0 
b3956000-b39a4000 rw-p 00000000 00:00 0          [stack:11382]
b39a4000-b3a39000 r-xp 00000000 07:00 266241     /usr/lib/i386-linux-gnu/libfreetype.so.6.9.0
b3a39000-b3a3d000 r--p 00094000 07:00 266241     /usr/lib/i386-linux-gnu/libfreetype.so.6.9.0
b3a3d000-b3a3e000 rw-p 00098000 07:00 266241     /usr/lib/i386-linux-gnu/libfreetype.so.6.9.0
b3a3e000-b3a3f000 r--s 00000000 00:13 12723      /run/user/maik/dconf/user
b3a3f000-b3a40000 r--s 00000000 07:00 1451575    /var/cache/fontconfig/4794a0821666d79190d59a36cb4f44b5-le32d4.cache-3
b3a40000-b3a43000 r--s 00000000 07:00 1443365    /var/cache/fontconfig/8801497958630a81b71ace7c5f9b32a8-le32d4.cache-3
b3a43000-b3a49000 r--s 00000000 07:00 1442889    /var/cache/fontconfig/3f7329c5293ffd510edef78f73874cfd-le32d4.cache-3
b3a49000-b3a4a000 r--s 00000000 07:00 1466011    /var/cache/fontconfig/0c9eb80ebd1c36541ebe2852d3bb0c49-le32d4.cache-3
b3a4a000-b3a4b000 r--s 00000000 07:00 1456678    /var/cache/fontconfig/62f91419b9ebdb6975e7e41ab6412357-le32d4.cache-3
b3a4b000-b3a4d000 r--s 00000000 07:00 1444174    /var/cache/fontconfig/e13b20fdb08344e0e664864cc2ede53d-le32d4.cache-3
b3a4d000-b3a50000 r--s 00000000 07:00 1466010    /var/cache/fontconfig/7ef2298fde41cc6eeb7af42e48b7d293-le32d4.cache-3
b3a50000-b3a54000 r--s 00000000 07:00 1443335    /var/cache/fontconfig/3047814df9a2f067bd2d96a2b9c36e5a-le32d4.cache-3
b3a54000-b3a55000 r--s 00000000 07:00 1443106    /var/cache/fontconfig/56cf4f4769d0f4abc89a4895d7bd3ae1-le32d4.cache-3
b3a55000-b3a56000 r--s 00000000 07:00 1443075    /var/cache/fontconfig/b9d506c9ac06c20b433354fa67a72993-le32d4.cache-3
b3a56000-b3a5a000 r--s 00000000 07:00 1443074    /var/cache/fontconfig/b47c4e1ecd0709278f4910c18777a504-le32d4.cache-3
b3a5a000-b3a94000 r-xp 00000000 07:00 267715     /usr/lib/jvm/java-6-openjdk-i386/jre/lib/i386/libfontmanager.so
b3a94000-b3a95000 r--p 00039000 07:00 267715     /usr/lib/jvm/java-6-openjdk-i386/jre/lib/i386/libfontmanager.so
b3a95000-b3a96000 rw-p 0003a000 07:00 267715     /usr/lib/jvm/java-6-openjdk-i386/jre/lib/i386/libfontmanager.so
b3a96000-b3a9b000 r-xp 00000000 07:00 285337     /usr/lib/i386-linux-gnu/libXdmcp.so.6.0.0
b3a9b000-b3a9c000 r--p 00004000 07:00 285337     /usr/lib/i386-linux-gnu/libXdmcp.so.6.0.0
b3a9c000-b3a9d000 rw-p 00005000 07:00 285337     /usr/lib/i386-linux-gnu/libXdmcp.so.6.0.0
b3a9d000-b3abd000 r-xp 00000000 07:00 261881     /usr/lib/i386-linux-gnu/libxcb.so.1.1.0
b3abd000-b3abe000 r--p 0001f000 07:00 261881     /usr/lib/i386-linux-gnu/libxcb.so.1.1.0
b3abe000-b3abf000 rw-p 00020000 07:00 261881     /usr/lib/i386-linux-gnu/libxcb.so.1.1.0
b3abf000-b3acd000 r-xp 00000000 07:00 266191     /usr/lib/i386-linux-gnu/libXi.so.6.1.0
b3acd000-b3ace000 r--p 0000d000 07:00 266191     /usr/lib/i386-linux-gnu/libXi.so.6.1.0
b3ace000-b3acf000 rw-p 0000e000 07:00 266191     /usr/lib/i386-linux-gnu/libXi.so.6.1.0
b3acf000-b3c01000 r-xp 00000000 07:00 285370     /usr/lib/i386-linux-gnu/libX11.so.6.3.0
b3c01000-b3c02000 r--p 00132000 07:00 285370     /usr/lib/i386-linux-gnu/libX11.so.6.3.0
b3c02000-b3c05000 rw-p 00133000 07:00 285370     /usr/lib/i386-linux-gnu/libX11.so.6.3.0
b3c05000-b3c15000 r-xp 00000000 07:00 262621     /usr/lib/i386-linux-gnu/libXext.so.6.4.0
b3c15000-b3c16000 r--p 0000f000 07:00 262621     /usr/lib/i386-linux-gnu/libXext.so.6.4.0
b3c16000-b3c17000 rw-p 00010000 07:00 262621     /usr/lib/i386-linux-gnu/libXext.so.6.4.0
b3c17000-b3c18000 r--s 00000000 07:00 1464841    /home/maik/.fontconfig/578171f5f238b8a7bb858af08da2de57-le32d4.cache-3
b3c18000-b3c1e000 r--s 00000000 07:00 1442941    /var/cache/fontconfig/52f7bdb7ce746bfd7eaa1985bd9cfa93-le32d4.cache-3
b3c1e000-b3c2b000 r--s 00000000 07:00 1442863    /var/cache/fontconfig/d52a8644073d54c13679302ca1180695-le32d4.cache-3
b3c2b000-b3c31000 r--s 00000000 07:00 1442889    /var/cache/fontconfig/3f7329c5293ffd510edef78f73874cfd-le32d4.cache-3
b3c31000-b3c32000 r--s 00000000 07:00 1466011    /var/cache/fontconfig/0c9eb80ebd1c36541ebe2852d3bb0c49-le32d4.cache-3
b3c32000-b3c33000 r--s 00000000 07:00 1456678    /var/cache/fontconfig/62f91419b9ebdb6975e7e41ab6412357-le32d4.cache-3
b3c33000-b3c7f000 r-xp 00000000 07:00 280785     /usr/lib/jvm/java-6-openjdk-i386/jre/lib/i386/xawt/libmawt.so
b3c7f000-b3c80000 r--p 0004b000 07:00 280785     /usr/lib/jvm/java-6-openjdk-i386/jre/lib/i386/xawt/libmawt.so
b3c80000-b3c82000 rw-p 0004c000 07:00 280785     /usr/lib/jvm/java-6-openjdk-i386/jre/lib/i386/xawt/libmawt.so
b3c82000-b3c83000 rw-p 00000000 00:00 0 
b3c83000-b3d1c000 r-xp 00000000 07:00 267616     /usr/lib/jvm/java-6-openjdk-i386/jre/lib/i386/libawt.so
b3d1c000-b3d1d000 r--p 00098000 07:00 267616     /usr/lib/jvm/java-6-openjdk-i386/jre/lib/i386/libawt.so
b3d1d000-b3d24000 rw-p 00099000 07:00 267616     /usr/lib/jvm/java-6-openjdk-i386/jre/lib/i386/libawt.so
b3d24000-b3d48000 rw-p 00000000 00:00 0 
b3d48000-b3d49000 ---p 00000000 00:00 0 
b3d49000-b3dc9000 rw-p 00000000 00:00 0          [stack:11381]
b3dc9000-b3dcc000 ---p 00000000 00:00 0 
b3dcc000-b3e1a000 rw-p 00000000 00:00 0          [stack:11380]
b3e1a000-b3e1d000 ---p 00000000 00:00 0 
b3e1d000-b3e9b000 rw-p 00000000 00:00 0          [stack:11379]
b3e9b000-b3e9e000 ---p 00000000 00:00 0 
b3e9e000-b3eec000 rw-p 00000000 00:00 0          [stack:11378]
b3eec000-b401e000 r--p 0036f000 07:00 270034     /usr/lib/locale/locale-archive
b401e000-b405e000 r--p 0032d000 07:00 270034     /usr/lib/locale/locale-archive
b405e000-b425e000 r--p 00000000 07:00 270034     /usr/lib/locale/locale-archive
b425e000-b4261000 ---p 00000000 00:00 0 
b4261000-b42af000 rw-p 00000000 00:00 0          [stack:11377]
b42af000-b42b2000 ---p 00000000 00:00 0 
b42b2000-b4300000 rw-p 00000000 00:00 0          [stack:11376]
b4300000-b4321000 rw-p 00000000 00:00 0 
b4321000-b4400000 ---p 00000000 00:00 0 
b4400000-b4402000 r--s 00000000 07:00 1444174    /var/cache/fontconfig/e13b20fdb08344e0e664864cc2ede53d-le32d4.cache-3
b4402000-b4405000 r--s 00000000 07:00 1466010    /var/cache/fontconfig/7ef2298fde41cc6eeb7af42e48b7d293-le32d4.cache-3
b4405000-b4406000 r--s 00000000 07:00 1464841    /home/maik/.fontconfig/578171f5f238b8a7bb858af08da2de57-le32d4.cache-3
b4406000-b4408000 r-xp 00000000 07:00 266641     /usr/lib/i386-linux-gnu/libXau.so.6.0.0
b4408000-b4409000 r--p 00001000 07:00 266641     /usr/lib/i386-linux-gnu/libXau.so.6.0.0
b4409000-b440a000 rw-p 00002000 07:00 266641     /usr/lib/i386-linux-gnu/libXau.so.6.0.0
b440a000-b440f000 r-xp 00000000 07:00 266835     /usr/lib/i386-linux-gnu/libXtst.so.6.1.0
b440f000-b4410000 r--p 00004000 07:00 266835     /usr/lib/i386-linux-gnu/libXtst.so.6.1.0
b4410000-b4411000 rw-p 00005000 07:00 266835     /usr/lib/i386-linux-gnu/libXtst.so.6.1.0
b4411000-b4419000 r-xp 00000000 07:00 266776     /usr/lib/i386-linux-gnu/libXrender.so.1.3.0
b4419000-b441a000 r--p 00007000 07:00 266776     /usr/lib/i386-linux-gnu/libXrender.so.1.3.0
b441a000-b441b000 rw-p 00008000 07:00 266776     /usr/lib/i386-linux-gnu/libXrender.so.1.3.0
b441b000-b4427000 r--s 000d8000 08:02 261030     /host/Users/Maik/Desktop/minecraft coder pack/eclipse/IGM2 ENGINE/lib/lib/lwjgl.jar
b4427000-b4428000 r--s 00008000 08:02 260961     /host/Users/Maik/Desktop/minecraft coder pack/eclipse/IGM2 ENGINE/lib/lib/LibraryLWJGLOpenAL.jar
b4428000-b4429000 r--s 0000a000 08:02 260871     /host/Users/Maik/Desktop/minecraft coder pack/eclipse/IGM2 ENGINE/lib/lib/LibraryJavaSound.jar
b4429000-b442e000 r--s 00030000 08:02 261025     /host/Users/Maik/Desktop/minecraft coder pack/eclipse/IGM2 ENGINE/lib/lib/jinput.jar
b442e000-b4430000 r--s 0002a000 08:02 260707     /host/Users/Maik/Desktop/minecraft coder pack/eclipse/IGM2 ENGINE/lib/lib/CodecJOrbis.jar
b4430000-b4433000 r--s 00031000 07:00 266796     /usr/lib/jvm/java-6-openjdk-common/jre/lib/ext/sunjce_provider.jar
b4433000-b4435000 r--s 0000f000 07:00 266801     /usr/lib/jvm/java-6-openjdk-common/jre/lib/ext/pulse-java.jar
b4435000-b4436000 ---p 00000000 00:00 0 
b4436000-b44e9000 rw-p 00000000 00:00 0          [stack:11375]
b44e9000-b467b000 r--s 037c2000 07:00 267718     /usr/lib/jvm/java-6-openjdk-i386/jre/lib/rt.jar
b467b000-b4682000 rw-p 00000000 00:00 0 
b4682000-b469c000 rw-p 00000000 00:00 0 
b469c000-b46a2000 rw-p 00000000 00:00 0 
b46a2000-b4747000 rw-p 00000000 00:00 0 
b4747000-b474a000 rw-p 00000000 00:00 0 
b474a000-b479c000 rw-p 00000000 00:00 0 
b479c000-b47a2000 rw-p 00000000 00:00 0 
b47a2000-b4847000 rw-p 00000000 00:00 0 
b4847000-b484d000 rw-p 00000000 00:00 0 
b484d000-b4867000 rw-p 00000000 00:00 0 
b4867000-b487a000 rw-p 00000000 00:00 0 
b487a000-b48f3000 rw-p 00000000 00:00 0 
b48f3000-b4aab000 rwxp 00000000 00:00 0 
b4aab000-b68f3000 rw-p 00000000 00:00 0 
b68f3000-b68fe000 r-xp 00000000 07:00 1588268    /lib/i386-linux-gnu/libnss_files-2.15.so
b68fe000-b68ff000 r--p 0000a000 07:00 1588268    /lib/i386-linux-gnu/libnss_files-2.15.so
b68ff000-b6900000 rw-p 0000b000 07:00 1588268    /lib/i386-linux-gnu/libnss_files-2.15.so
b6900000-b69fe000 rw-p 00000000 00:00 0 
b69fe000-b6a00000 ---p 00000000 00:00 0 
b6a00000-b6a03000 r--s 00077000 07:00 266793     /usr/lib/jvm/java-6-openjdk-common/jre/lib/ext/localedata.jar
b6a03000-b6a0d000 r-xp 00000000 07:00 1588273    /lib/i386-linux-gnu/libnss_nis-2.15.so
b6a0d000-b6a0e000 r--p 00009000 07:00 1588273    /lib/i386-linux-gnu/libnss_nis-2.15.so
b6a0e000-b6a0f000 rw-p 0000a000 07:00 1588273    /lib/i386-linux-gnu/libnss_nis-2.15.so
b6a0f000-b6a25000 r-xp 00000000 07:00 1588285    /lib/i386-linux-gnu/libnsl-2.15.so
b6a25000-b6a26000 r--p 00015000 07:00 1588285    /lib/i386-linux-gnu/libnsl-2.15.so
b6a26000-b6a27000 rw-p 00016000 07:00 1588285    /lib/i386-linux-gnu/libnsl-2.15.so
b6a27000-b6a29000 rw-p 00000000 00:00 0 
b6a29000-b6a30000 r-xp 00000000 07:00 1588266    /lib/i386-linux-gnu/libnss_compat-2.15.so
b6a30000-b6a31000 r--p 00006000 07:00 1588266    /lib/i386-linux-gnu/libnss_compat-2.15.so
b6a31000-b6a32000 rw-p 00007000 07:00 1588266    /lib/i386-linux-gnu/libnss_compat-2.15.so
b6a32000-b6a34000 r--s 00006000 07:00 532142     /usr/share/java/java-atk-wrapper.jar
b6a34000-b6a38000 r--s 00038000 07:00 266784     /usr/lib/jvm/java-6-openjdk-common/jre/lib/ext/sunpkcs11.jar
b6a38000-b6a45000 rw-p 00000000 00:00 0 
b6a45000-b6a4c000 r-xp 00000000 07:00 267622     /usr/lib/jvm/java-6-openjdk-i386/jre/lib/i386/libzip.so
b6a4c000-b6a4d000 r--p 00006000 07:00 267622     /usr/lib/jvm/java-6-openjdk-i386/jre/lib/i386/libzip.so
b6a4d000-b6a4e000 rw-p 00007000 07:00 267622     /usr/lib/jvm/java-6-openjdk-i386/jre/lib/i386/libzip.so
b6a4e000-b6a74000 r-xp 00000000 07:00 267604     /usr/lib/jvm/java-6-openjdk-i386/jre/lib/i386/libjava.so
b6a74000-b6a75000 r--p 00026000 07:00 267604     /usr/lib/jvm/java-6-openjdk-i386/jre/lib/i386/libjava.so
b6a75000-b6a77000 rw-p 00027000 07:00 267604     /usr/lib/jvm/java-6-openjdk-i386/jre/lib/i386/libjava.so
b6a77000-b6a7e000 r-xp 00000000 07:00 1588272    /lib/i386-linux-gnu/librt-2.15.so
b6a7e000-b6a7f000 r--p 00006000 07:00 1588272    /lib/i386-linux-gnu/librt-2.15.so
b6a7f000-b6a80000 rw-p 00007000 07:00 1588272    /lib/i386-linux-gnu/librt-2.15.so
b6a80000-b6a83000 ---p 00000000 00:00 0 
b6a83000-b6ad1000 rw-p 00000000 00:00 0          [stack:11373]
b6ad1000-b6aed000 r-xp 00000000 07:00 1570817    /lib/i386-linux-gnu/libgcc_s.so.1
b6aed000-b6aee000 r--p 0001b000 07:00 1570817    /lib/i386-linux-gnu/libgcc_s.so.1
b6aee000-b6aef000 rw-p 0001c000 07:00 1570817    /lib/i386-linux-gnu/libgcc_s.so.1
b6aef000-b6b19000 r-xp 00000000 07:00 1588276    /lib/i386-linux-gnu/libm-2.15.so
b6b19000-b6b1a000 r--p 00029000 07:00 1588276    /lib/i386-linux-gnu/libm-2.15.so
b6b1a000-b6b1b000 rw-p 0002a000 07:00 1588276    /lib/i386-linux-gnu/libm-2.15.so
b6b1b000-b6bf7000 r-xp 00000000 07:00 290587     /usr/lib/i386-linux-gnu/libstdc++.so.6.0.17
b6bf7000-b6bf8000 ---p 000dc000 07:00 290587     /usr/lib/i386-linux-gnu/libstdc++.so.6.0.17
b6bf8000-b6bfc000 r--p 000dc000 07:00 290587     /usr/lib/i386-linux-gnu/libstdc++.so.6.0.17
b6bfc000-b6bfd000 rw-p 000e0000 07:00 290587     /usr/lib/i386-linux-gnu/libstdc++.so.6.0.17
b6bfd000-b6c04000 rw-p 00000000 00:00 0 
b6c04000-b7115000 r-xp 00000000 07:00 267646     /usr/lib/jvm/java-6-openjdk-i386/jre/lib/i386/client/libjvm.so
b7115000-b712c000 r--p 00511000 07:00 267646     /usr/lib/jvm/java-6-openjdk-i386/jre/lib/i386/client/libjvm.so
b712c000-b7139000 rw-p 00528000 07:00 267646     /usr/lib/jvm/java-6-openjdk-i386/jre/lib/i386/client/libjvm.so
b7139000-b7553000 rw-p 00000000 00:00 0 
b7553000-b756a000 r-xp 00000000 07:00 1570718    /lib/i386-linux-gnu/libz.so.1.2.7
b756a000-b756b000 r--p 00016000 07:00 1570718    /lib/i386-linux-gnu/libz.so.1.2.7
b756b000-b756c000 rw-p 00017000 07:00 1570718    /lib/i386-linux-gnu/libz.so.1.2.7
b756c000-b770f000 r-xp 00000000 07:00 1570879    /lib/i386-linux-gnu/libc-2.15.so
b770f000-b7710000 ---p 001a3000 07:00 1570879    /lib/i386-linux-gnu/libc-2.15.so
b7710000-b7712000 r--p 001a3000 07:00 1570879    /lib/i386-linux-gnu/libc-2.15.so
b7712000-b7713000 rw-p 001a5000 07:00 1570879    /lib/i386-linux-gnu/libc-2.15.so
b7713000-b7716000 rw-p 00000000 00:00 0 
b7716000-b7719000 r-xp 00000000 07:00 1588280    /lib/i386-linux-gnu/libdl-2.15.so
b7719000-b771a000 r--p 00002000 07:00 1588280    /lib/i386-linux-gnu/libdl-2.15.so
b771a000-b771b000 rw-p 00003000 07:00 1588280    /lib/i386-linux-gnu/libdl-2.15.so
b771b000-b771f000 r-xp 00000000 07:00 267631     /usr/lib/jvm/java-6-openjdk-i386/jre/lib/i386/jli/libjli.so
b771f000-b7720000 r--p 00003000 07:00 267631     /usr/lib/jvm/java-6-openjdk-i386/jre/lib/i386/jli/libjli.so
b7720000-b7721000 rw-p 00004000 07:00 267631     /usr/lib/jvm/java-6-openjdk-i386/jre/lib/i386/jli/libjli.so
b7721000-b7738000 r-xp 00000000 07:00 1588274    /lib/i386-linux-gnu/libpthread-2.15.so
b7738000-b7739000 r--p 00016000 07:00 1588274    /lib/i386-linux-gnu/libpthread-2.15.so
b7739000-b773a000 rw-p 00017000 07:00 1588274    /lib/i386-linux-gnu/libpthread-2.15.so
b773a000-b773d000 rw-p 00000000 00:00 0 
b773d000-b773e000 r--s 00001000 08:02 260864     /host/Users/Maik/Desktop/minecraft coder pack/eclipse/IGM2 ENGINE/lib/lib/CodecWav.jar
b773e000-b7740000 r--s 00001000 07:00 266799     /usr/lib/jvm/java-6-openjdk-common/jre/lib/ext/dnsns.jar
b7740000-b7748000 rw-s 00000000 07:00 1308257    /tmp/hsperfdata_maik/11368
b7748000-b7749000 rw-p 00000000 00:00 0 
b7749000-b774a000 ---p 00000000 00:00 0 
b774a000-b7757000 r-xp 00000000 07:00 267676     /usr/lib/jvm/java-6-openjdk-i386/jre/lib/i386/libverify.so
b7757000-b7758000 r--p 0000c000 07:00 267676     /usr/lib/jvm/java-6-openjdk-i386/jre/lib/i386/libverify.so
b7758000-b7759000 rw-p 0000d000 07:00 267676     /usr/lib/jvm/java-6-openjdk-i386/jre/lib/i386/libverify.so
b7759000-b775b000 rw-p 00000000 00:00 0 
b775b000-b775c000 r-xp 00000000 00:00 0          [vdso]
b775c000-b777c000 r-xp 00000000 07:00 1588277    /lib/i386-linux-gnu/ld-2.15.so
b777c000-b777d000 r--p 0001f000 07:00 1588277    /lib/i386-linux-gnu/ld-2.15.so
b777d000-b777e000 rw-p 00020000 07:00 1588277    /lib/i386-linux-gnu/ld-2.15.so
bf89a000-bf8bb000 rw-p 00000000 00:00 0          [stack]

VM Arguments:
jvm_args: -Dfile.encoding=UTF-8 
java_command: main.IGM2E
Launcher Type: SUN_STANDARD

Environment Variables:
PATH=/usr/local/sbin:/usr/local/bin:/usr/sbin:/usr/bin:/sbin:/bin:/usr/games:/usr/local/games
USERNAME=maik
LD_LIBRARY_PATH=/usr/lib/jvm/java-6-openjdk-i386/jre/lib/i386/client:/usr/lib/jvm/java-6-openjdk-i386/jre/lib/i386:/usr/lib/jvm/java-6-openjdk-i386/jre/../lib/i386:/usr/lib/jvm/java-7-openjdk-i386/jre/lib/i386/client:/usr/lib/jvm/java-7-openjdk-i386/jre/lib/i386:
SHELL=/bin/bash
DISPLAY=:0

Signal Handlers:
SIGSEGV: [libjvm.so+0x3efae0], sa_mask[0]=0x7ffbfeff, sa_flags=0x10000004
SIGBUS: [libjvm.so+0x3efae0], sa_mask[0]=0x7ffbfeff, sa_flags=0x10000004
SIGFPE: [libjvm.so+0x30cac0], sa_mask[0]=0x7ffbfeff, sa_flags=0x10000004
SIGPIPE: SIG_IGN, sa_mask[0]=0x00001000, sa_flags=0x10000000
SIGXFSZ: [libjvm.so+0x30cac0], sa_mask[0]=0x7ffbfeff, sa_flags=0x10000004
SIGILL: [libjvm.so+0x30cac0], sa_mask[0]=0x7ffbfeff, sa_flags=0x10000004
SIGUSR1: SIG_DFL, sa_mask[0]=0x00000000, sa_flags=0x00000000
SIGUSR2: [libjvm.so+0x30c960], sa_mask[0]=0x00000004, sa_flags=0x10000004
SIGHUP: [libjvm.so+0x30f6e0], sa_mask[0]=0x7ffbfeff, sa_flags=0x10000004
SIGINT: [libjvm.so+0x30f6e0], sa_mask[0]=0x7ffbfeff, sa_flags=0x10000004
SIGTERM: [libjvm.so+0x30f6e0], sa_mask[0]=0x7ffbfeff, sa_flags=0x10000004
SIGQUIT: [libjvm.so+0x30f6e0], sa_mask[0]=0x7ffbfeff, sa_flags=0x10000004


---------------  S Y S T E M  ---------------

OS:Ubuntu 12.10 (quantal)
uname:Linux 3.5.0-18-generic #29-Ubuntu SMP Fri Oct 19 10:27:31 UTC 2012 i686
libc:glibc 2.15 NPTL 2.15 
rlimit: STACK 8192k, CORE 0k, NPROC 15462, NOFILE 4096, AS infinity
load average:1,10 0,98 1,12

/proc/meminfo:
MemTotal:        1994660 kB
MemFree:          128400 kB
Buffers:          274896 kB
Cached:           448300 kB
SwapCached:        16860 kB
Active:           891572 kB
Inactive:         900012 kB
Active(anon):     631192 kB
Inactive(anon):   629700 kB
Active(file):     260380 kB
Inactive(file):   270312 kB
Unevictable:        2656 kB
Mlocked:              48 kB
HighTotal:       1112452 kB
HighFree:          14928 kB
LowTotal:         882208 kB
LowFree:          113472 kB
SwapTotal:        262140 kB
SwapFree:          92548 kB
Dirty:               324 kB
Writeback:             0 kB
AnonPages:       1054556 kB
Mapped:           114232 kB
Shmem:            189892 kB
Slab:              42596 kB
SReclaimable:      25048 kB
SUnreclaim:        17548 kB
KernelStack:        3800 kB
PageTables:        10712 kB
NFS_Unstable:          0 kB
Bounce:                0 kB
WritebackTmp:          0 kB
CommitLimit:     1259468 kB
Committed_AS:    3851288 kB
VmallocTotal:     122880 kB
VmallocUsed:       17032 kB
VmallocChunk:     103892 kB
HardwareCorrupted:     0 kB
AnonHugePages:         0 kB
HugePages_Total:       0
HugePages_Free:        0
HugePages_Rsvd:        0
HugePages_Surp:        0
Hugepagesize:       2048 kB
DirectMap4k:       10232 kB
DirectMap2M:      903168 kB


CPU:total 1 (1 cores per cpu, 1 threads per core) family 6 model 23 stepping 10, cmov, cx8, fxsr, mmx, sse, sse2, sse3, ssse3

Memory: 4k page, physical 1994660k(128400k free), swap 262140k(92548k free)

vm_info: OpenJDK Client VM (20.0-b12) for linux-x86 JRE (1.6.0_24-b24), built on Oct 24 2012 15:48:58 by "buildd" with gcc 4.7.2

time: Sun Nov 11 21:27:59 2012
elapsed time: 28 seconds

